# JRE version: OpenJDK Runtime Environment (8.0_382-b05) (build 1.8.0_382-8u382-ga-1~20.04.1-b05)
# Java VM: OpenJDK 64-Bit Server VM (25.382-b05 mixed mode linux-amd64 compressed oops)
Heap:
 PSYoungGen      total 989696K, used 954368K [0x000000076e780000, 0x00000007b1100000, 0x00000007c0000000)
  eden space 954368K, 100% used [0x000000076e780000,0x00000007a8b80000,0x00000007a8b80000)
  from space 35328K, 0% used [0x00000007ab200000,0x00000007ab200000,0x00000007ad480000)
  to   space 39424K, 6% used [0x00000007a8b80000,0x00000007a8e10060,0x00000007ab200000)
 ParOldGen       total 162816K, used 44279K [0x00000006cb600000, 0x00000006d5500000, 0x000000076e780000)
  object space 162816K, 27% used [0x00000006cb600000,0x00000006ce13de80,0x00000006d5500000)
 Metaspace       used 74106K, capacity 77752K, committed 78040K, reserved 1118208K
  class space    used 9055K, capacity 9632K, committed 9688K, reserved 1048576K
GC Heap History (10 events):
Event: 17.652 GC heap after
Heap after GC invocations=11 (full 2):
 PSYoungGen      total 462336K, used 0K [0x000000076e780000, 0x0000000799b00000, 0x00000007c0000000)
  eden space 449024K, 0% used [0x000000076e780000,0x000000076e780000,0x0000000789e00000)
  from space 13312K, 0% used [0x0000000789e00000,0x0000000789e00000,0x000000078ab00000)
  to   space 12800K, 0% used [0x0000000798e80000,0x0000000798e80000,0x0000000799b00000)
 ParOldGen       total 101888K, used 16159K [0x00000006cb600000, 0x00000006d1980000, 0x000000076e780000)
  object space 101888K, 15% used [0x00000006cb600000,0x00000006cc5c7c90,0x00000006d1980000)
 Metaspace       used 34218K, capacity 35334K, committed 35416K, reserved 1079296K
  class space    used 4407K, capacity 4641K, committed 4696K, reserved 1048576K
}
Event: 26.729 GC heap before
{Heap before GC invocations=12 (full 2):
 PSYoungGen      total 462336K, used 449024K [0x000000076e780000, 0x0000000799b00000, 0x00000007c0000000)
  eden space 449024K, 100% used [0x000000076e780000,0x0000000789e00000,0x0000000789e00000)
  from space 13312K, 0% used [0x0000000789e00000,0x0000000789e00000,0x000000078ab00000)
  to   space 12800K, 0% used [0x0000000798e80000,0x0000000798e80000,0x0000000799b00000)
 ParOldGen       total 101888K, used 16159K [0x00000006cb600000, 0x00000006d1980000, 0x000000076e780000)
  object space 101888K, 15% used [0x00000006cb600000,0x00000006cc5c7c90,0x00000006d1980000)
 Metaspace       used 50640K, capacity 52718K, committed 52824K, reserved 1095680K
  class space    used 6298K, capacity 6697K, committed 6744K, reserved 1048576K
Event: 26.825 GC heap after
Heap after GC invocations=12 (full 2):
 PSYoungGen      total 671744K, used 12784K [0x000000076e780000, 0x0000000799b00000, 0x00000007c0000000)
  eden space 658944K, 0% used [0x000000076e780000,0x000000076e780000,0x0000000796b00000)
  from space 12800K, 99% used [0x0000000798e80000,0x0000000799afc288,0x0000000799b00000)
  to   space 18432K, 0% used [0x0000000797700000,0x0000000797700000,0x0000000798900000)
 ParOldGen       total 101888K, used 27273K [0x00000006cb600000, 0x00000006d1980000, 0x000000076e780000)
  object space 101888K, 26% used [0x00000006cb600000,0x00000006cd0a25e8,0x00000006d1980000)
 Metaspace       used 50640K, capacity 52718K, committed 52824K, reserved 1095680K
  class space    used 6298K, capacity 6697K, committed 6744K, reserved 1048576K
}
Event: 33.032 GC heap before
{Heap before GC invocations=13 (full 2):
 PSYoungGen      total 671744K, used 671728K [0x000000076e780000, 0x0000000799b00000, 0x00000007c0000000)
  eden space 658944K, 100% used [0x000000076e780000,0x0000000796b00000,0x0000000796b00000)
  from space 12800K, 99% used [0x0000000798e80000,0x0000000799afc288,0x0000000799b00000)
  to   space 18432K, 0% used [0x0000000797700000,0x0000000797700000,0x0000000798900000)
 ParOldGen       total 101888K, used 27273K [0x00000006cb600000, 0x00000006d1980000, 0x000000076e780000)
  object space 101888K, 26% used [0x00000006cb600000,0x00000006cd0a25e8,0x00000006d1980000)
 Metaspace       used 56242K, capacity 58704K, committed 58840K, reserved 1099776K
  class space    used 7081K, capacity 7516K, committed 7640K, reserved 1048576K
Event: 33.184 GC heap after
Heap after GC invocations=13 (full 2):
 PSYoungGen      total 689664K, used 18420K [0x000000076e780000, 0x00000007ad480000, 0x00000007c0000000)
  eden space 671232K, 0% used [0x000000076e780000,0x000000076e780000,0x0000000797700000)
  from space 18432K, 99% used [0x0000000797700000,0x00000007988fd0a8,0x0000000798900000)
  to   space 35328K, 0% used [0x00000007ab200000,0x00000007ab200000,0x00000007ad480000)
 ParOldGen       total 101888K, used 66487K [0x00000006cb600000, 0x00000006d1980000, 0x000000076e780000)
  object space 101888K, 65% used [0x00000006cb600000,0x00000006cf6edde8,0x00000006d1980000)
 Metaspace       used 56242K, capacity 58704K, committed 58840K, reserved 1099776K
  class space    used 7081K, capacity 7516K, committed 7640K, reserved 1048576K
}
Event: 34.062 GC heap before
{Heap before GC invocations=14 (full 2):
 PSYoungGen      total 689664K, used 180896K [0x000000076e780000, 0x00000007ad480000, 0x00000007c0000000)
  eden space 671232K, 24% used [0x000000076e780000,0x000000077862afb8,0x0000000797700000)
  from space 18432K, 99% used [0x0000000797700000,0x00000007988fd0a8,0x0000000798900000)
  to   space 35328K, 0% used [0x00000007ab200000,0x00000007ab200000,0x00000007ad480000)
 ParOldGen       total 101888K, used 66487K [0x00000006cb600000, 0x00000006d1980000, 0x000000076e780000)
  object space 101888K, 65% used [0x00000006cb600000,0x00000006cf6edde8,0x00000006d1980000)
 Metaspace       used 56480K, capacity 58894K, committed 59028K, reserved 1101824K
  class space    used 7116K, capacity 7555K, committed 7640K, reserved 1048576K
Event: 34.223 GC heap after
Heap after GC invocations=14 (full 2):
 PSYoungGen      total 989696K, used 31040K [0x000000076e780000, 0x00000007b1100000, 0x00000007c0000000)
  eden space 954368K, 0% used [0x000000076e780000,0x000000076e780000,0x00000007a8b80000)
  from space 35328K, 87% used [0x00000007ab200000,0x00000007ad0500a0,0x00000007ad480000)
  to   space 39424K, 0% used [0x00000007a8b80000,0x00000007a8b80000,0x00000007ab200000)
 ParOldGen       total 101888K, used 83764K [0x00000006cb600000, 0x00000006d1980000, 0x000000076e780000)
  object space 101888K, 82% used [0x00000006cb600000,0x00000006d07cd188,0x00000006d1980000)
 Metaspace       used 56480K, capacity 58894K, committed 59028K, reserved 1101824K
  class space    used 7116K, capacity 7555K, committed 7640K, reserved 1048576K
}
Event: 34.223 GC heap before
{Heap before GC invocations=15 (full 3):
 PSYoungGen      total 989696K, used 31040K [0x000000076e780000, 0x00000007b1100000, 0x00000007c0000000)
  eden space 954368K, 0% used [0x000000076e780000,0x000000076e780000,0x00000007a8b80000)
  from space 35328K, 87% used [0x00000007ab200000,0x00000007ad0500a0,0x00000007ad480000)
  to   space 39424K, 0% used [0x00000007a8b80000,0x00000007a8b80000,0x00000007ab200000)
 ParOldGen       total 101888K, used 83764K [0x00000006cb600000, 0x00000006d1980000, 0x000000076e780000)
  object space 101888K, 82% used [0x00000006cb600000,0x00000006d07cd188,0x00000006d1980000)
 Metaspace       used 56480K, capacity 58894K, committed 59028K, reserved 1101824K
  class space    used 7116K, capacity 7555K, committed 7640K, reserved 1048576K
Event: 34.976 GC heap after
Heap after GC invocations=15 (full 3):
 PSYoungGen      total 989696K, used 0K [0x000000076e780000, 0x00000007b1100000, 0x00000007c0000000)
  eden space 954368K, 0% used [0x000000076e780000,0x000000076e780000,0x00000007a8b80000)
  from space 35328K, 0% used [0x00000007ab200000,0x00000007ab200000,0x00000007ad480000)
  to   space 39424K, 0% used [0x00000007a8b80000,0x00000007a8b80000,0x00000007ab200000)
 ParOldGen       total 162816K, used 44279K [0x00000006cb600000, 0x00000006d5500000, 0x000000076e780000)
  object space 162816K, 27% used [0x00000006cb600000,0x00000006ce13de80,0x00000006d5500000)
 Metaspace       used 56480K, capacity 58894K, committed 59028K, reserved 1101824K
  class space    used 7116K, capacity 7555K, committed 7640K, reserved 1048576K
}
Event: 15126.253 GC heap before
{Heap before GC invocations=16 (full 3):
 PSYoungGen      total 989696K, used 954368K [0x000000076e780000, 0x00000007b1100000, 0x00000007c0000000)
  eden space 954368K, 100% used [0x000000076e780000,0x00000007a8b80000,0x00000007a8b80000)
  from space 35328K, 0% used [0x00000007ab200000,0x00000007ab200000,0x00000007ad480000)
  to   space 39424K, 0% used [0x00000007a8b80000,0x00000007a8b80000,0x00000007ab200000)
 ParOldGen       total 162816K, used 44279K [0x00000006cb600000, 0x00000006d5500000, 0x000000076e780000)
  object space 162816K, 27% used [0x00000006cb600000,0x00000006ce13de80,0x00000006d5500000)
 Metaspace       used 74106K, capacity 77752K, committed 78040K, reserved 1118208K
  class space    used 9055K, capacity 9632K, committed 9688K, reserved 1048576K

